#
# A fatal error has been detected by the Java Runtime Environment:
#
#  Internal Error (javaClasses.cpp:129), pid=1096, tid=7664
#  fatal error: Invalid layout of preloaded class
#
# JRE version: 7.0_25-b16
# Java VM: Java HotSpot(TM) 64-Bit Server VM (23.25-b01 mixed mode windows-amd64 compressed oops)
# Failed to write core dump. Minidumps are not enabled by default on client versions of Windows
#
# If you would like to submit a bug report, please visit:
#   http://bugreport.sun.com/bugreport/crash.jsp
#

---------------  T H R E A D  ---------------

Current thread (0x0000000002250800):  JavaThread "Unknown thread" [_thread_in_vm, id=7664, stack(0x0000000002110000,0x0000000002210000)]

Stack: [0x0000000002110000,0x0000000002210000]

---------------  P R O C E S S  ---------------

Java Threads: ( => current thread )

Other Threads:

=>0x0000000002250800 (exited) JavaThread "Unknown thread" [_thread_in_vm, id=7664, stack(0x0000000002110000,0x0000000002210000)]

VM state:not at safepoint (not fully initialized)

VM Mutex/Monitor currently owned by a thread: None

GC Heap History (0 events):
No events

Deoptimization events (0 events):
No events

Internal exceptions (0 events):
No events

Events (10 events):
Event: 0.012 loading class 0x0000000002263e40 done
Event: 0.012 loading class 0x00000000022642c0 done
Event: 0.012 loading class 0x0000000002264020
Event: 0.013 loading class 0x000000000858f920
Event: 0.013 loading class 0x000000000858f920 done
Event: 0.013 loading class 0x000000000858f360
Event: 0.013 loading class 0x000000000858f360 done
Event: 0.013 loading class 0x000000000858e1d0
Event: 0.013 loading class 0x000000000858e1d0 done
Event: 0.013 loading class 0x0000000002264020 done


Dynamic libraries:
0x000007f7837e0000 - 0x000007f783813000 	C:\Program Files\Java\jdk1.7.0_25\bin\javaw.exe
0x000007ff4b8e0000 - 0x000007ff4baa0000 	C:\Windows\SYSTEM32\ntdll.dll
0x000007ff4b370000 - 0x000007ff4b4a6000 	C:\Windows\system32\KERNEL32.DLL
0x000007ff48870000 - 0x000007ff48963000 	C:\Windows\system32\KERNELBASE.dll
0x000007ff49090000 - 0x000007ff4916e000 	C:\Windows\system32\ADVAPI32.dll
0x000007ff49170000 - 0x000007ff492bc000 	C:\Windows\system32\USER32.dll
0x000007ff45570000 - 0x000007ff457da000 	C:\Windows\WinSxS\amd64_microsoft.windows.common-controls_6595b64144ccf1df_6.0.9200.16579_none_418ab7ef718b27ef\COMCTL32.dll
0x000007ff49fe0000 - 0x000007ff4a085000 	C:\Windows\system32\msvcrt.dll
0x000007ff49be0000 - 0x000007ff49c28000 	C:\Windows\SYSTEM32\sechost.dll
0x000007ff4b790000 - 0x000007ff4b8d5000 	C:\Windows\system32\RPCRT4.dll
0x000007ff49c30000 - 0x000007ff49d71000 	C:\Windows\system32\GDI32.dll
0x000007ff49da0000 - 0x000007ff49dd9000 	C:\Windows\system32\IMM32.DLL
0x000007ff49430000 - 0x000007ff49546000 	C:\Windows\system32\MSCTF.dll
0x0000000050090000 - 0x0000000050161000 	C:\Program Files\Java\jdk1.7.0_25\jre\bin\msvcr100.dll
0x0000000076960000 - 0x000000007706f000 	C:\Program Files\Java\jdk1.7.0_25\jre\bin\server\jvm.dll
0x000007ff444d0000 - 0x000007ff444d9000 	C:\Windows\SYSTEM32\WSOCK32.dll
0x000007ff44fb0000 - 0x000007ff44fd0000 	C:\Windows\SYSTEM32\WINMM.dll
0x000007ff497e0000 - 0x000007ff497e7000 	C:\Windows\system32\PSAPI.DLL
0x000007ff4b730000 - 0x000007ff4b788000 	C:\Windows\system32\WS2_32.dll
0x000007ff44f70000 - 0x000007ff44fa3000 	C:\Windows\SYSTEM32\WINMMBASE.dll
0x000007ff492c0000 - 0x000007ff492c9000 	C:\Windows\system32\NSI.dll
0x000007ff48990000 - 0x000007ff489df000 	C:\Windows\SYSTEM32\cfgmgr32.dll
0x000007ff48840000 - 0x000007ff48862000 	C:\Windows\system32\DEVOBJ.dll
0x0000000050200000 - 0x000000005020f000 	C:\Program Files\Java\jdk1.7.0_25\jre\bin\verify.dll
0x00000000501d0000 - 0x00000000501f8000 	C:\Program Files\Java\jdk1.7.0_25\jre\bin\java.dll
0x00000000501b0000 - 0x00000000501c5000 	C:\Program Files\Java\jdk1.7.0_25\jre\bin\zip.dll

VM Arguments:
jvm_args: -Dfile.encoding=Cp1252 -Xbootclasspath:E:\USC Course Notes\Web Technologies- Papa\Assignment 9\adt-bundle-windows-x86_64-20140321\sdk\platforms\android-19\android.jar 
java_command: com.example.assignment9.AutocompleteJSONReader
Launcher Type: SUN_STANDARD

Environment Variables:
JAVA_HOME=C:\Program Files\Java\jdk1.7.0_25
JRE_HOME=C:\Program Files (x86)\Java\jre7
CLASSPATH=.;C:\Program Files\Java\jdk1.7.0_25\bin
PATH=C:/Program Files/Java/jdk1.7.0_25/bin/../jre/bin/server;C:/Program Files/Java/jdk1.7.0_25/bin/../jre/bin;C:/Program Files/Java/jdk1.7.0_25/bin/../jre/lib/amd64;C:\Apps\product\12.1.0\dbhome_1\bin;C:\Program Files\Java\jdk1.7.0_25\bin;C:\Program Files (x86)\MiKTeX 2.9\miktex\bin\;C:\Program Files (x86)\MySQL\MySQL Utilities 1.3.4\;C:\Program Files\nodejs\;C:\Program Files (x86)\Java\jre7\bin; C:\Program Files\Apache Software Foundation\apache-maven-3.0.5\bin; C:\Program Files\Apache Software Foundation\apache-maven-3.0.5\bin\;E:\USC Course Notes\Web Technologies- Papa\Assignment 9\adt-bundle-windows-x86_64-20140321\eclipse;
USERNAME=Apurv
OS=Windows_NT
PROCESSOR_IDENTIFIER=Intel64 Family 6 Model 58 Stepping 9, GenuineIntel



---------------  S Y S T E M  ---------------

OS: Windows 8 , 64 bit Build 9200 

CPU:total 4 (2 cores per cpu, 2 threads per core) family 6 model 58 stepping 9, cmov, cx8, fxsr, mmx, sse, sse2, sse3, ssse3, sse4.1, sse4.2, popcnt, avx, ht, tsc, tscinvbit, tscinv

Memory: 4k page, physical 4060436k(1764012k free), swap 6550804k(3459016k free)

vm_info: Java HotSpot(TM) 64-Bit Server VM (23.25-b01) for windows-amd64 JRE (1.7.0_25-b16), built on Jun 12 2013 16:42:02 by "java_re" with unknown MS VC++:1600

time: Mon Apr 21 13:26:45 2014
elapsed time: 0 seconds

